<?xml version="1.0" encoding="UTF-8"?>
<!-- Generated by org.testng.reporters.JUnitReportReporter -->
<testsuite hostname="DESKTOP-TQIISK7" failures="0" tests="1" name="com.pages.logintestcase.saucebasetest" time="0.000" errors="0" timestamp="2022-01-09T09:55:48 IST" skipped="1">
  <testcase classname="com.pages.logintestcase.saucebasetest" name="loginTest" time="0.000">
    <skipped/>
  </testcase> <!-- loginTest -->
  <system-out/>
</testsuite> <!-- com.pages.logintestcase.saucebasetest -->
