<?xml version="1.0" encoding="UTF-8"?>
<!-- Generated by org.testng.reporters.JUnitReportReporter -->
<testsuite hostname="DESKTOP-TQIISK7" failures="0" tests="1" name="com.pages.logintestcase.testcase" time="0.000" errors="0" timestamp="2022-01-08T20:56:09 IST" skipped="1">
  <testcase classname="com.pages.logintestcase.testcase" name="loginTest" time="0.000">
    <skipped/>
  </testcase> <!-- loginTest -->
  <system-out/>
</testsuite> <!-- com.pages.logintestcase.testcase -->
